# JRE version: OpenJDK Runtime Environment (8.0_76-b03) (build 1.8.0_76-release-b03)
# Java VM: OpenJDK 64-Bit Server VM (25.76-b03 mixed mode windows-amd64 compressed oops)
Heap:
 PSYoungGen      total 370688K, used 236661K [0x00000000e0000000, 0x00000000fa780000, 0x0000000100000000)
  eden space 317440K, 57% used [0x00000000e0000000,0x00000000eb322c10,0x00000000f3600000)
  from space 53248K, 99% used [0x00000000f3600000,0x00000000f69fa8f8,0x00000000f6a00000)
  to   space 43008K, 0% used [0x00000000f6a00000,0x00000000f6a00000,0x00000000f9400000)
 ParOldGen       total 204288K, used 118462K [0x00000000a0000000, 0x00000000ac780000, 0x00000000e0000000)
  object space 204288K, 57% used [0x00000000a0000000,0x00000000a73afb20,0x00000000ac780000)
 Metaspace       used 86322K, capacity 90242K, committed 90496K, reserved 1128448K
  class space    used 11041K, capacity 11872K, committed 11904K, reserved 1048576K
GC Heap History (10 events):
Event: 989.640 GC heap before
{Heap before GC invocations=40 (full 7):
 PSYoungGen      total 327168K, used 303216K [0x00000000e0000000, 0x00000000f7e00000, 0x0000000100000000)
  eden space 276992K, 100% used [0x00000000e0000000,0x00000000f0e80000,0x00000000f0e80000)
  from space 50176K, 52% used [0x00000000f3e80000,0x00000000f581c080,0x00000000f6f80000)
  to   space 49152K, 0% used [0x00000000f0e80000,0x00000000f0e80000,0x00000000f3e80000)
 ParOldGen       total 204288K, used 76422K [0x00000000a0000000, 0x00000000ac780000, 0x00000000e0000000)
  object space 204288K, 37% used [0x00000000a0000000,0x00000000a4aa1bb8,0x00000000ac780000)
 Metaspace       used 80443K, capacity 84082K, committed 84224K, reserved 1122304K
  class space    used 10424K, capacity 11222K, committed 11264K, reserved 1048576K
Event: 989.721 GC heap after
Heap after GC invocations=40 (full 7):
 PSYoungGen      total 326144K, used 20555K [0x00000000e0000000, 0x00000000f7800000, 0x0000000100000000)
  eden space 276992K, 0% used [0x00000000e0000000,0x00000000e0000000,0x00000000f0e80000)
  from space 49152K, 41% used [0x00000000f0e80000,0x00000000f2292c70,0x00000000f3e80000)
  to   space 46592K, 0% used [0x00000000f4a80000,0x00000000f4a80000,0x00000000f7800000)
 ParOldGen       total 204288K, used 76438K [0x00000000a0000000, 0x00000000ac780000, 0x00000000e0000000)
  object space 204288K, 37% used [0x00000000a0000000,0x00000000a4aa5bb8,0x00000000ac780000)
 Metaspace       used 80443K, capacity 84082K, committed 84224K, reserved 1122304K
  class space    used 10424K, capacity 11222K, committed 11264K, reserved 1048576K
}
Event: 1000.406 GC heap before
{Heap before GC invocations=41 (full 7):
 PSYoungGen      total 326144K, used 297018K [0x00000000e0000000, 0x00000000f7800000, 0x0000000100000000)
  eden space 276992K, 99% used [0x00000000e0000000,0x00000000f0dfbdc8,0x00000000f0e80000)
  from space 49152K, 41% used [0x00000000f0e80000,0x00000000f2292c70,0x00000000f3e80000)
  to   space 46592K, 0% used [0x00000000f4a80000,0x00000000f4a80000,0x00000000f7800000)
 ParOldGen       total 204288K, used 76438K [0x00000000a0000000, 0x00000000ac780000, 0x00000000e0000000)
  object space 204288K, 37% used [0x00000000a0000000,0x00000000a4aa5bb8,0x00000000ac780000)
 Metaspace       used 81373K, capacity 85090K, committed 85376K, reserved 1124352K
  class space    used 10552K, capacity 11322K, committed 11392K, reserved 1048576K
Event: 1000.466 GC heap after
Heap after GC invocations=41 (full 7):
 PSYoungGen      total 335360K, used 18735K [0x00000000e0000000, 0x00000000f7400000, 0x0000000100000000)
  eden space 292864K, 0% used [0x00000000e0000000,0x00000000e0000000,0x00000000f1e00000)
  from space 42496K, 44% used [0x00000000f4a80000,0x00000000f5ccbf40,0x00000000f7400000)
  to   space 44032K, 0% used [0x00000000f1e00000,0x00000000f1e00000,0x00000000f4900000)
 ParOldGen       total 204288K, used 76446K [0x00000000a0000000, 0x00000000ac780000, 0x00000000e0000000)
  object space 204288K, 37% used [0x00000000a0000000,0x00000000a4aa7bb8,0x00000000ac780000)
 Metaspace       used 81373K, capacity 85090K, committed 85376K, reserved 1124352K
  class space    used 10552K, capacity 11322K, committed 11392K, reserved 1048576K
}
Event: 1001.611 GC heap before
{Heap before GC invocations=42 (full 7):
 PSYoungGen      total 335360K, used 311599K [0x00000000e0000000, 0x00000000f7400000, 0x0000000100000000)
  eden space 292864K, 100% used [0x00000000e0000000,0x00000000f1e00000,0x00000000f1e00000)
  from space 42496K, 44% used [0x00000000f4a80000,0x00000000f5ccbf40,0x00000000f7400000)
  to   space 44032K, 0% used [0x00000000f1e00000,0x00000000f1e00000,0x00000000f4900000)
 ParOldGen       total 204288K, used 76446K [0x00000000a0000000, 0x00000000ac780000, 0x00000000e0000000)
  object space 204288K, 37% used [0x00000000a0000000,0x00000000a4aa7bb8,0x00000000ac780000)
 Metaspace       used 81589K, capacity 85326K, committed 85376K, reserved 1124352K
  class space    used 10577K, capacity 11368K, committed 11392K, reserved 1048576K
Event: 1001.661 GC heap after
Heap after GC invocations=42 (full 7):
 PSYoungGen      total 336896K, used 15808K [0x00000000e0000000, 0x00000000f9400000, 0x0000000100000000)
  eden space 292864K, 0% used [0x00000000e0000000,0x00000000e0000000,0x00000000f1e00000)
  from space 44032K, 35% used [0x00000000f1e00000,0x00000000f2d701f0,0x00000000f4900000)
  to   space 43008K, 0% used [0x00000000f6a00000,0x00000000f6a00000,0x00000000f9400000)
 ParOldGen       total 204288K, used 76454K [0x00000000a0000000, 0x00000000ac780000, 0x00000000e0000000)
  object space 204288K, 37% used [0x00000000a0000000,0x00000000a4aa9bb8,0x00000000ac780000)
 Metaspace       used 81589K, capacity 85326K, committed 85376K, reserved 1124352K
  class space    used 10577K, capacity 11368K, committed 11392K, reserved 1048576K
}
Event: 1027.598 GC heap before
{Heap before GC invocations=43 (full 7):
 PSYoungGen      total 336896K, used 308672K [0x00000000e0000000, 0x00000000f9400000, 0x0000000100000000)
  eden space 292864K, 100% used [0x00000000e0000000,0x00000000f1e00000,0x00000000f1e00000)
  from space 44032K, 35% used [0x00000000f1e00000,0x00000000f2d701f0,0x00000000f4900000)
  to   space 43008K, 0% used [0x00000000f6a00000,0x00000000f6a00000,0x00000000f9400000)
 ParOldGen       total 204288K, used 76454K [0x00000000a0000000, 0x00000000ac780000, 0x00000000e0000000)
  object space 204288K, 37% used [0x00000000a0000000,0x00000000a4aa9bb8,0x00000000ac780000)
 Metaspace       used 86049K, capacity 89986K, committed 90240K, reserved 1128448K
  class space    used 11038K, capacity 11872K, committed 11904K, reserved 1048576K
Event: 1027.931 GC heap after
Heap after GC invocations=43 (full 7):
 PSYoungGen      total 360448K, used 42991K [0x00000000e0000000, 0x00000000fa780000, 0x0000000100000000)
  eden space 317440K, 0% used [0x00000000e0000000,0x00000000e0000000,0x00000000f3600000)
  from space 43008K, 99% used [0x00000000f6a00000,0x00000000f93fbe78,0x00000000f9400000)
  to   space 53248K, 0% used [0x00000000f3600000,0x00000000f3600000,0x00000000f6a00000)
 ParOldGen       total 204288K, used 87741K [0x00000000a0000000, 0x00000000ac780000, 0x00000000e0000000)
  object space 204288K, 42% used [0x00000000a0000000,0x00000000a55af628,0x00000000ac780000)
 Metaspace       used 86049K, capacity 89986K, committed 90240K, reserved 1128448K
  class space    used 11038K, capacity 11872K, committed 11904K, reserved 1048576K
}
Event: 1033.125 GC heap before
{Heap before GC invocations=44 (full 7):
 PSYoungGen      total 360448K, used 360431K [0x00000000e0000000, 0x00000000fa780000, 0x0000000100000000)
  eden space 317440K, 100% used [0x00000000e0000000,0x00000000f3600000,0x00000000f3600000)
  from space 43008K, 99% used [0x00000000f6a00000,0x00000000f93fbe78,0x00000000f9400000)
  to   space 53248K, 0% used [0x00000000f3600000,0x00000000f3600000,0x00000000f6a00000)
 ParOldGen       total 204288K, used 87741K [0x00000000a0000000, 0x00000000ac780000, 0x00000000e0000000)
  object space 204288K, 42% used [0x00000000a0000000,0x00000000a55af628,0x00000000ac780000)
 Metaspace       used 86286K, capacity 90242K, committed 90496K, reserved 1128448K
  class space    used 11041K, capacity 11872K, committed 11904K, reserved 1048576K
Event: 1033.409 GC heap after
Heap after GC invocations=44 (full 7):
 PSYoungGen      total 370688K, used 53226K [0x00000000e0000000, 0x00000000fa780000, 0x0000000100000000)
  eden space 317440K, 0% used [0x00000000e0000000,0x00000000e0000000,0x00000000f3600000)
  from space 53248K, 99% used [0x00000000f3600000,0x00000000f69fa8f8,0x00000000f6a00000)
  to   space 43008K, 0% used [0x00000000f6a00000,0x00000000f6a00000,0x00000000f9400000)
 ParOldGen       total 204288K, used 118462K [0x00000000a0000000, 0x00000000ac780000, 0x00000000e0000000)
  object space 204288K, 57% used [0x00000000a0000000,0x00000000a73afb20,0x00000000ac780000)
 Metaspace       used 86286K, capacity 90242K, committed 90496K, reserved 1128448K
  class space    used 11041K, capacity 11872K, committed 11904K, reserved 1048576K
}

