# JRE version: OpenJDK Runtime Environment (8.0_76-b03) (build 1.8.0_76-release-b03)
# Java VM: OpenJDK 64-Bit Server VM (25.76-b03 mixed mode windows-amd64 compressed oops)
Heap:
 PSYoungGen      total 409088K, used 17677K [0x00000000e0000000, 0x0000000100000000, 0x0000000100000000)
  eden space 296960K, 3% used [0x00000000e0000000,0x00000000e09db6e0,0x00000000f2200000)
  from space 112128K, 6% used [0x00000000f9280000,0x00000000f99e8000,0x0000000100000000)
  to   space 113664K, 0% used [0x00000000f2200000,0x00000000f2200000,0x00000000f9100000)
 ParOldGen       total 472576K, used 81064K [0x00000000a0000000, 0x00000000bcd80000, 0x00000000e0000000)
  object space 472576K, 17% used [0x00000000a0000000,0x00000000a4f2a0c8,0x00000000bcd80000)
 Metaspace       used 84774K, capacity 88076K, committed 89256K, reserved 1126400K
  class space    used 10714K, capacity 11391K, committed 11696K, reserved 1048576K
GC Heap History (10 events):
Event: 6264.817 GC heap before
{Heap before GC invocations=99 (full 14):
 PSYoungGen      total 398336K, used 291328K [0x00000000e0000000, 0x00000000ff180000, 0x0000000100000000)
  eden space 291328K, 100% used [0x00000000e0000000,0x00000000f1c80000,0x00000000f1c80000)
  from space 107008K, 0% used [0x00000000f8900000,0x00000000f8900000,0x00000000ff180000)
  to   space 109056K, 0% used [0x00000000f1c80000,0x00000000f1c80000,0x00000000f8700000)
 ParOldGen       total 472576K, used 63680K [0x00000000a0000000, 0x00000000bcd80000, 0x00000000e0000000)
  object space 472576K, 13% used [0x00000000a0000000,0x00000000a3e30268,0x00000000bcd80000)
 Metaspace       used 79412K, capacity 81938K, committed 83752K, reserved 1122304K
  class space    used 9930K, capacity 10384K, committed 10800K, reserved 1048576K
Event: 6264.861 GC heap after
Heap after GC invocations=99 (full 14):
 PSYoungGen      total 400384K, used 19902K [0x00000000e0000000, 0x0000000100000000, 0x0000000100000000)
  eden space 291328K, 0% used [0x00000000e0000000,0x00000000e0000000,0x00000000f1c80000)
  from space 109056K, 18% used [0x00000000f1c80000,0x00000000f2fef840,0x00000000f8700000)
  to   space 111616K, 0% used [0x00000000f9300000,0x00000000f9300000,0x0000000100000000)
 ParOldGen       total 472576K, used 63688K [0x00000000a0000000, 0x00000000bcd80000, 0x00000000e0000000)
  object space 472576K, 13% used [0x00000000a0000000,0x00000000a3e32268,0x00000000bcd80000)
 Metaspace       used 79412K, capacity 81938K, committed 83752K, reserved 1122304K
  class space    used 9930K, capacity 10384K, committed 10800K, reserved 1048576K
}
Event: 6276.947 GC heap before
{Heap before GC invocations=100 (full 14):
 PSYoungGen      total 400384K, used 311230K [0x00000000e0000000, 0x0000000100000000, 0x0000000100000000)
  eden space 291328K, 100% used [0x00000000e0000000,0x00000000f1c80000,0x00000000f1c80000)
  from space 109056K, 18% used [0x00000000f1c80000,0x00000000f2fef840,0x00000000f8700000)
  to   space 111616K, 0% used [0x00000000f9300000,0x00000000f9300000,0x0000000100000000)
 ParOldGen       total 472576K, used 63688K [0x00000000a0000000, 0x00000000bcd80000, 0x00000000e0000000)
  object space 472576K, 13% used [0x00000000a0000000,0x00000000a3e32268,0x00000000bcd80000)
 Metaspace       used 84151K, capacity 87372K, committed 88104K, reserved 1126400K
  class space    used 10608K, capacity 11226K, committed 11312K, reserved 1048576K
Event: 6277.049 GC heap after
Heap after GC invocations=100 (full 14):
 PSYoungGen      total 411648K, used 25141K [0x00000000e0000000, 0x0000000100000000, 0x0000000100000000)
  eden space 300032K, 0% used [0x00000000e0000000,0x00000000e0000000,0x00000000f2500000)
  from space 111616K, 22% used [0x00000000f9300000,0x00000000fab8d460,0x0000000100000000)
  to   space 112128K, 0% used [0x00000000f2500000,0x00000000f2500000,0x00000000f9280000)
 ParOldGen       total 472576K, used 63696K [0x00000000a0000000, 0x00000000bcd80000, 0x00000000e0000000)
  object space 472576K, 13% used [0x00000000a0000000,0x00000000a3e34268,0x00000000bcd80000)
 Metaspace       used 84151K, capacity 87372K, committed 88104K, reserved 1126400K
  class space    used 10608K, capacity 11226K, committed 11312K, reserved 1048576K
}
Event: 6278.890 GC heap before
{Heap before GC invocations=101 (full 14):
 PSYoungGen      total 411648K, used 153052K [0x00000000e0000000, 0x0000000100000000, 0x0000000100000000)
  eden space 300032K, 42% used [0x00000000e0000000,0x00000000e7ce9da0,0x00000000f2500000)
  from space 111616K, 22% used [0x00000000f9300000,0x00000000fab8d460,0x0000000100000000)
  to   space 112128K, 0% used [0x00000000f2500000,0x00000000f2500000,0x00000000f9280000)
 ParOldGen       total 472576K, used 63696K [0x00000000a0000000, 0x00000000bcd80000, 0x00000000e0000000)
  object space 472576K, 13% used [0x00000000a0000000,0x00000000a3e34268,0x00000000bcd80000)
 Metaspace       used 85232K, capacity 88896K, committed 89256K, reserved 1126400K
  class space    used 10810K, capacity 11569K, committed 11696K, reserved 1048576K
Event: 6278.981 GC heap after
Heap after GC invocations=101 (full 14):
 PSYoungGen      total 412160K, used 22272K [0x00000000e0000000, 0x0000000100000000, 0x0000000100000000)
  eden space 300032K, 0% used [0x00000000e0000000,0x00000000e0000000,0x00000000f2500000)
  from space 112128K, 19% used [0x00000000f2500000,0x00000000f3ac02d8,0x00000000f9280000)
  to   space 112128K, 0% used [0x00000000f9280000,0x00000000f9280000,0x0000000100000000)
 ParOldGen       total 472576K, used 63704K [0x00000000a0000000, 0x00000000bcd80000, 0x00000000e0000000)
  object space 472576K, 13% used [0x00000000a0000000,0x00000000a3e36268,0x00000000bcd80000)
 Metaspace       used 85232K, capacity 88896K, committed 89256K, reserved 1126400K
  class space    used 10810K, capacity 11569K, committed 11696K, reserved 1048576K
}
Event: 6278.981 GC heap before
{Heap before GC invocations=102 (full 15):
 PSYoungGen      total 412160K, used 22272K [0x00000000e0000000, 0x0000000100000000, 0x0000000100000000)
  eden space 300032K, 0% used [0x00000000e0000000,0x00000000e0000000,0x00000000f2500000)
  from space 112128K, 19% used [0x00000000f2500000,0x00000000f3ac02d8,0x00000000f9280000)
  to   space 112128K, 0% used [0x00000000f9280000,0x00000000f9280000,0x0000000100000000)
 ParOldGen       total 472576K, used 63704K [0x00000000a0000000, 0x00000000bcd80000, 0x00000000e0000000)
  object space 472576K, 13% used [0x00000000a0000000,0x00000000a3e36268,0x00000000bcd80000)
 Metaspace       used 85232K, capacity 88896K, committed 89256K, reserved 1126400K
  class space    used 10810K, capacity 11569K, committed 11696K, reserved 1048576K
Event: 6280.485 GC heap after
Heap after GC invocations=102 (full 15):
 PSYoungGen      total 412160K, used 0K [0x00000000e0000000, 0x0000000100000000, 0x0000000100000000)
  eden space 300032K, 0% used [0x00000000e0000000,0x00000000e0000000,0x00000000f2500000)
  from space 112128K, 0% used [0x00000000f2500000,0x00000000f2500000,0x00000000f9280000)
  to   space 112128K, 0% used [0x00000000f9280000,0x00000000f9280000,0x0000000100000000)
 ParOldGen       total 472576K, used 81056K [0x00000000a0000000, 0x00000000bcd80000, 0x00000000e0000000)
  object space 472576K, 17% used [0x00000000a0000000,0x00000000a4f280c8,0x00000000bcd80000)
 Metaspace       used 84286K, capacity 87498K, committed 89256K, reserved 1126400K
  class space    used 10656K, capacity 11320K, committed 11696K, reserved 1048576K
}
Event: 6317.447 GC heap before
{Heap before GC invocations=103 (full 15):
 PSYoungGen      total 412160K, used 300032K [0x00000000e0000000, 0x0000000100000000, 0x0000000100000000)
  eden space 300032K, 100% used [0x00000000e0000000,0x00000000f2500000,0x00000000f2500000)
  from space 112128K, 0% used [0x00000000f2500000,0x00000000f2500000,0x00000000f9280000)
  to   space 112128K, 0% used [0x00000000f9280000,0x00000000f9280000,0x0000000100000000)
 ParOldGen       total 472576K, used 81056K [0x00000000a0000000, 0x00000000bcd80000, 0x00000000e0000000)
  object space 472576K, 17% used [0x00000000a0000000,0x00000000a4f280c8,0x00000000bcd80000)
 Metaspace       used 84573K, capacity 87900K, committed 89256K, reserved 1126400K
  class space    used 10695K, capacity 11383K, committed 11696K, reserved 1048576K
Event: 6317.481 GC heap after
Heap after GC invocations=103 (full 15):
 PSYoungGen      total 409088K, used 7584K [0x00000000e0000000, 0x0000000100000000, 0x0000000100000000)
  eden space 296960K, 0% used [0x00000000e0000000,0x00000000e0000000,0x00000000f2200000)
  from space 112128K, 6% used [0x00000000f9280000,0x00000000f99e8000,0x0000000100000000)
  to   space 113664K, 0% used [0x00000000f2200000,0x00000000f2200000,0x00000000f9100000)
 ParOldGen       total 472576K, used 81064K [0x00000000a0000000, 0x00000000bcd80000, 0x00000000e0000000)
  object space 472576K, 17% used [0x00000000a0000000,0x00000000a4f2a0c8,0x00000000bcd80000)
 Metaspace       used 84573K, capacity 87900K, committed 89256K, reserved 1126400K
  class space    used 10695K, capacity 11383K, committed 11696K, reserved 1048576K
}

